<?xml version="1.0" encoding="UTF-8"?>
<!-- Generated by org.testng.reporters.JUnitReportReporter -->
<testsuite skipped="1" hostname="BELEE" name="myNetworkTabTest.MyNetworkTabTest" tests="1" failures="0" timestamp="24 May 2017 05:03:41 GMT" time="0.000" errors="0">
  <testcase name="myNetworkPage" time="0.000" classname="myNetworkTabTest.MyNetworkTabTest">
    <skipped/>
  </testcase> <!-- myNetworkPage -->
</testsuite> <!-- myNetworkTabTest.MyNetworkTabTest -->
